<?xml version="1.0" encoding="UTF-8"?>
<testsuite name="com.thoughtworks.rectangle.RectangleTest" tests="5" skipped="0" failures="0" errors="0" timestamp="2023-07-10T06:16:43" hostname="gurushifu-gurushifugitp-j7pz9v5qjuo" time="0.027">
  <properties/>
  <testcase name="testCalculateAreaWithNegativeLength()" classname="com.thoughtworks.rectangle.RectangleTest" time="0.015"/>
  <testcase name="testCalculateArea()" classname="com.thoughtworks.rectangle.RectangleTest" time="0.001"/>
  <testcase name="testCalculateAreaWithNegativebreadth()" classname="com.thoughtworks.rectangle.RectangleTest" time="0.001"/>
  <testcase name="testCalculateAreaWithZeroLength()" classname="com.thoughtworks.rectangle.RectangleTest" time="0.001"/>
  <testcase name="testCalculateAreaWithZerobreadth()" classname="com.thoughtworks.rectangle.RectangleTest" time="0.001"/>
  <system-out><![CDATA[]]></system-out>
  <system-err><![CDATA[]]></system-err>
</testsuite>
